INFO:     Started server process [15248]
INFO:     Waiting for application startup.
INFO:     Application startup complete.
INFO:     Uvicorn running on http://127.0.0.1:8000 (Press CTRL+C to quit)
Oracle user id validation failed for user_id=user-20
Traceback (most recent call last):
  File "C:\Users\Navya K\Desktop\Hackathon\GamifiedTasksDashboard\backend\services\oracle_user_service.py", line 175, in require_user_id
    conn = get_connection()
  File "C:\Users\Navya K\Desktop\Hackathon\GamifiedTasksDashboard\backend\db.py", line 112, in get_connection
    return init_pool().acquire()
           ~~~~~~~~~~~~~~~~~~~^^
  File "C:\Users\Navya K\Desktop\Hackathon\GamifiedTasksDashboard\backend\.venv\Lib\site-packages\oracledb\pool.py", line 427, in acquire
    return oracledb.connect(
           ~~~~~~~~~~~~~~~~^
        conn_class=self._connection_type,
        ^^^^^^^^^^^^^^^^^^^^^^^^^^^^^^^^^
    ...<8 lines>...
        pool=self,
        ^^^^^^^^^^
    )
    ^
  File "C:\Users\Navya K\Desktop\Hackathon\GamifiedTasksDashboard\backend\.venv\Lib\site-packages\oracledb\connection.py", line 1698, in connect
    return conn_class(dsn=dsn, pool=pool, params=params, **kwargs)
  File "C:\Users\Navya K\Desktop\Hackathon\GamifiedTasksDashboard\backend\.venv\Lib\site-packages\oracledb\connection.py", line 895, in __init__
    impl.connect(params_impl, pool_impl)
    ~~~~~~~~~~~~^^^^^^^^^^^^^^^^^^^^^^^^
  File "src/oracledb/impl/thick/connection.pyx", line 527, in oracledb.thick_impl.ThickConnImpl.connect
  File "src/oracledb/impl/thick/utils.pyx", line 474, in oracledb.thick_impl._raise_from_info
oracledb.exceptions.DatabaseError: ORA-28547: connection to server failed, probable Oracle Net admin error
Help: https://docs.oracle.com/error-help/db/ora-28547/
Oracle user id validation failed for user_id=user-20
Traceback (most recent call last):
  File "C:\Users\Navya K\Desktop\Hackathon\GamifiedTasksDashboard\backend\services\oracle_user_service.py", line 175, in require_user_id
    conn = get_connection()
  File "C:\Users\Navya K\Desktop\Hackathon\GamifiedTasksDashboard\backend\db.py", line 112, in get_connection
    return init_pool().acquire()
           ~~~~~~~~~~~~~~~~~~~^^
  File "C:\Users\Navya K\Desktop\Hackathon\GamifiedTasksDashboard\backend\.venv\Lib\site-packages\oracledb\pool.py", line 427, in acquire
    return oracledb.connect(
           ~~~~~~~~~~~~~~~~^
        conn_class=self._connection_type,
        ^^^^^^^^^^^^^^^^^^^^^^^^^^^^^^^^^
    ...<8 lines>...
        pool=self,
        ^^^^^^^^^^
    )
    ^
  File "C:\Users\Navya K\Desktop\Hackathon\GamifiedTasksDashboard\backend\.venv\Lib\site-packages\oracledb\connection.py", line 1698, in connect
    return conn_class(dsn=dsn, pool=pool, params=params, **kwargs)
  File "C:\Users\Navya K\Desktop\Hackathon\GamifiedTasksDashboard\backend\.venv\Lib\site-packages\oracledb\connection.py", line 895, in __init__
    impl.connect(params_impl, pool_impl)
    ~~~~~~~~~~~~^^^^^^^^^^^^^^^^^^^^^^^^
  File "src/oracledb/impl/thick/connection.pyx", line 527, in oracledb.thick_impl.ThickConnImpl.connect
  File "src/oracledb/impl/thick/utils.pyx", line 474, in oracledb.thick_impl._raise_from_info
oracledb.exceptions.DatabaseError: ORA-28547: connection to server failed, probable Oracle Net admin error
Help: https://docs.oracle.com/error-help/db/ora-28547/
Exception in callback _ProactorBasePipeTransport._call_connection_lost()
handle: <Handle _ProactorBasePipeTransport._call_connection_lost()>
Traceback (most recent call last):
  File "C:\Users\Navya K\AppData\Local\Python\pythoncore-3.14-64\Lib\asyncio\events.py", line 94, in _run
    self._context.run(self._callback, *self._args)
    ~~~~~~~~~~~~~~~~~^^^^^^^^^^^^^^^^^^^^^^^^^^^^^
  File "C:\Users\Navya K\AppData\Local\Python\pythoncore-3.14-64\Lib\asyncio\proactor_events.py", line 165, in _call_connection_lost
    self._sock.shutdown(socket.SHUT_RDWR)
    ~~~~~~~~~~~~~~~~~~~^^^^^^^^^^^^^^^^^^
ConnectionResetError: [WinError 10054] An existing connection was forcibly closed by the remote host
Oracle user id validation failed for user_id=user-20
Traceback (most recent call last):
  File "C:\Users\Navya K\Desktop\Hackathon\GamifiedTasksDashboard\backend\services\oracle_user_service.py", line 175, in require_user_id
    conn = get_connection()
  File "C:\Users\Navya K\Desktop\Hackathon\GamifiedTasksDashboard\backend\db.py", line 112, in get_connection
    return init_pool().acquire()
           ~~~~~~~~~~~~~~~~~~~^^
  File "C:\Users\Navya K\Desktop\Hackathon\GamifiedTasksDashboard\backend\.venv\Lib\site-packages\oracledb\pool.py", line 427, in acquire
    return oracledb.connect(
           ~~~~~~~~~~~~~~~~^
        conn_class=self._connection_type,
        ^^^^^^^^^^^^^^^^^^^^^^^^^^^^^^^^^
    ...<8 lines>...
        pool=self,
        ^^^^^^^^^^
    )
    ^
  File "C:\Users\Navya K\Desktop\Hackathon\GamifiedTasksDashboard\backend\.venv\Lib\site-packages\oracledb\connection.py", line 1698, in connect
    return conn_class(dsn=dsn, pool=pool, params=params, **kwargs)
  File "C:\Users\Navya K\Desktop\Hackathon\GamifiedTasksDashboard\backend\.venv\Lib\site-packages\oracledb\connection.py", line 895, in __init__
    impl.connect(params_impl, pool_impl)
    ~~~~~~~~~~~~^^^^^^^^^^^^^^^^^^^^^^^^
  File "src/oracledb/impl/thick/connection.pyx", line 527, in oracledb.thick_impl.ThickConnImpl.connect
  File "src/oracledb/impl/thick/utils.pyx", line 474, in oracledb.thick_impl._raise_from_info
oracledb.exceptions.DatabaseError: ORA-28547: connection to server failed, probable Oracle Net admin error
Help: https://docs.oracle.com/error-help/db/ora-28547/
Oracle user id validation failed for user_id=user-20
Traceback (most recent call last):
  File "C:\Users\Navya K\Desktop\Hackathon\GamifiedTasksDashboard\backend\services\oracle_user_service.py", line 175, in require_user_id
    conn = get_connection()
  File "C:\Users\Navya K\Desktop\Hackathon\GamifiedTasksDashboard\backend\db.py", line 112, in get_connection
    return init_pool().acquire()
           ~~~~~~~~~~~~~~~~~~~^^
  File "C:\Users\Navya K\Desktop\Hackathon\GamifiedTasksDashboard\backend\.venv\Lib\site-packages\oracledb\pool.py", line 427, in acquire
    return oracledb.connect(
           ~~~~~~~~~~~~~~~~^
        conn_class=self._connection_type,
        ^^^^^^^^^^^^^^^^^^^^^^^^^^^^^^^^^
    ...<8 lines>...
        pool=self,
        ^^^^^^^^^^
    )
    ^
  File "C:\Users\Navya K\Desktop\Hackathon\GamifiedTasksDashboard\backend\.venv\Lib\site-packages\oracledb\connection.py", line 1698, in connect
    return conn_class(dsn=dsn, pool=pool, params=params, **kwargs)
  File "C:\Users\Navya K\Desktop\Hackathon\GamifiedTasksDashboard\backend\.venv\Lib\site-packages\oracledb\connection.py", line 895, in __init__
    impl.connect(params_impl, pool_impl)
    ~~~~~~~~~~~~^^^^^^^^^^^^^^^^^^^^^^^^
  File "src/oracledb/impl/thick/connection.pyx", line 527, in oracledb.thick_impl.ThickConnImpl.connect
  File "src/oracledb/impl/thick/utils.pyx", line 474, in oracledb.thick_impl._raise_from_info
oracledb.exceptions.DatabaseError: ORA-28547: connection to server failed, probable Oracle Net admin error
Help: https://docs.oracle.com/error-help/db/ora-28547/
Oracle user id validation failed for user_id=user-20
Traceback (most recent call last):
  File "C:\Users\Navya K\Desktop\Hackathon\GamifiedTasksDashboard\backend\services\oracle_user_service.py", line 175, in require_user_id
    conn = get_connection()
  File "C:\Users\Navya K\Desktop\Hackathon\GamifiedTasksDashboard\backend\db.py", line 112, in get_connection
    return init_pool().acquire()
           ~~~~~~~~~~~~~~~~~~~^^
  File "C:\Users\Navya K\Desktop\Hackathon\GamifiedTasksDashboard\backend\.venv\Lib\site-packages\oracledb\pool.py", line 427, in acquire
    return oracledb.connect(
           ~~~~~~~~~~~~~~~~^
        conn_class=self._connection_type,
        ^^^^^^^^^^^^^^^^^^^^^^^^^^^^^^^^^
    ...<8 lines>...
        pool=self,
        ^^^^^^^^^^
    )
    ^
  File "C:\Users\Navya K\Desktop\Hackathon\GamifiedTasksDashboard\backend\.venv\Lib\site-packages\oracledb\connection.py", line 1698, in connect
    return conn_class(dsn=dsn, pool=pool, params=params, **kwargs)
  File "C:\Users\Navya K\Desktop\Hackathon\GamifiedTasksDashboard\backend\.venv\Lib\site-packages\oracledb\connection.py", line 895, in __init__
    impl.connect(params_impl, pool_impl)
    ~~~~~~~~~~~~^^^^^^^^^^^^^^^^^^^^^^^^
  File "src/oracledb/impl/thick/connection.pyx", line 527, in oracledb.thick_impl.ThickConnImpl.connect
  File "src/oracledb/impl/thick/utils.pyx", line 474, in oracledb.thick_impl._raise_from_info
oracledb.exceptions.DatabaseError: ORA-28547: connection to server failed, probable Oracle Net admin error
Help: https://docs.oracle.com/error-help/db/ora-28547/
Oracle user id validation failed for user_id=user-20
Traceback (most recent call last):
  File "C:\Users\Navya K\Desktop\Hackathon\GamifiedTasksDashboard\backend\services\oracle_user_service.py", line 175, in require_user_id
    conn = get_connection()
  File "C:\Users\Navya K\Desktop\Hackathon\GamifiedTasksDashboard\backend\db.py", line 112, in get_connection
    return init_pool().acquire()
           ~~~~~~~~~~~~~~~~~~~^^
  File "C:\Users\Navya K\Desktop\Hackathon\GamifiedTasksDashboard\backend\.venv\Lib\site-packages\oracledb\pool.py", line 427, in acquire
    return oracledb.connect(
           ~~~~~~~~~~~~~~~~^
        conn_class=self._connection_type,
        ^^^^^^^^^^^^^^^^^^^^^^^^^^^^^^^^^
    ...<8 lines>...
        pool=self,
        ^^^^^^^^^^
    )
    ^
  File "C:\Users\Navya K\Desktop\Hackathon\GamifiedTasksDashboard\backend\.venv\Lib\site-packages\oracledb\connection.py", line 1698, in connect
    return conn_class(dsn=dsn, pool=pool, params=params, **kwargs)
  File "C:\Users\Navya K\Desktop\Hackathon\GamifiedTasksDashboard\backend\.venv\Lib\site-packages\oracledb\connection.py", line 895, in __init__
    impl.connect(params_impl, pool_impl)
    ~~~~~~~~~~~~^^^^^^^^^^^^^^^^^^^^^^^^
  File "src/oracledb/impl/thick/connection.pyx", line 527, in oracledb.thick_impl.ThickConnImpl.connect
  File "src/oracledb/impl/thick/utils.pyx", line 474, in oracledb.thick_impl._raise_from_info
oracledb.exceptions.DatabaseError: ORA-28547: connection to server failed, probable Oracle Net admin error
Help: https://docs.oracle.com/error-help/db/ora-28547/
Oracle user id validation failed for user_id=user-20
Traceback (most recent call last):
  File "C:\Users\Navya K\Desktop\Hackathon\GamifiedTasksDashboard\backend\services\oracle_user_service.py", line 175, in require_user_id
    conn = get_connection()
  File "C:\Users\Navya K\Desktop\Hackathon\GamifiedTasksDashboard\backend\db.py", line 112, in get_connection
    return init_pool().acquire()
           ~~~~~~~~~~~~~~~~~~~^^
  File "C:\Users\Navya K\Desktop\Hackathon\GamifiedTasksDashboard\backend\.venv\Lib\site-packages\oracledb\pool.py", line 427, in acquire
    return oracledb.connect(
           ~~~~~~~~~~~~~~~~^
        conn_class=self._connection_type,
        ^^^^^^^^^^^^^^^^^^^^^^^^^^^^^^^^^
    ...<8 lines>...
        pool=self,
        ^^^^^^^^^^
    )
    ^
  File "C:\Users\Navya K\Desktop\Hackathon\GamifiedTasksDashboard\backend\.venv\Lib\site-packages\oracledb\connection.py", line 1698, in connect
    return conn_class(dsn=dsn, pool=pool, params=params, **kwargs)
  File "C:\Users\Navya K\Desktop\Hackathon\GamifiedTasksDashboard\backend\.venv\Lib\site-packages\oracledb\connection.py", line 895, in __init__
    impl.connect(params_impl, pool_impl)
    ~~~~~~~~~~~~^^^^^^^^^^^^^^^^^^^^^^^^
  File "src/oracledb/impl/thick/connection.pyx", line 527, in oracledb.thick_impl.ThickConnImpl.connect
  File "src/oracledb/impl/thick/utils.pyx", line 474, in oracledb.thick_impl._raise_from_info
oracledb.exceptions.DatabaseError: ORA-28547: connection to server failed, probable Oracle Net admin error
Help: https://docs.oracle.com/error-help/db/ora-28547/
